/Users/byungjooshin/Desktop/wip/quickclip/app
/Users/byungjooshin/Desktop/wip/quickclip/app
[ 'icon: path.join(__dirname, \'assets/icons/png/64x64.png\')',
  'icon: path.join(__dirname, \'assets/icons/png/64x64.png\')',
  'icon: path.join(__dirname, \'assets/icons/png/64x64.png\')',
  'icon: path.join(__dirname, \'assets/icons/png/64x64.png\')' ]
0 -> 
1 -> 
2 -> 
3 -> 
4 -> 
5 -> 
6 -> 
7 -> 
8 -> 
9 -> 
{ keycode: 46,
  altKey: false,
  shiftKey: false,
  ctrlKey: false,
  metaKey: true }
{ button: 1, clicks: 1, x: 255, y: 89, type: 'mousedown' }
time pass init0
time pass init0
time pass init0
time pass init0
