/Users/byungjooshin/Desktop/wip/quickclip/app
{ keycode: 46,
  altKey: false,
  shiftKey: false,
  ctrlKey: false,
  metaKey: true }
{ button: 1, clicks: 1, x: 458, y: 81, type: 'mousedown' }
time pass init0
time pass init0
time pass init0
time pass init0
0mouse downtrue
0
time pas200
1mouse downtrue
1
time pas250
2mouse downtrue
2
time pas300
3mouse downtrue
3
time pas350
0mouse downtrue
0
time pas400
1mouse downfalse
0mouse downfalse
2mouse downfalse
3mouse downfalse
{ button: 1, clicks: 1, x: 433, y: 113, type: 'mousedown' }
time pass init0
time pass init0
time pass init0
time pass init0
0mouse downfalse
1mouse downfalse
2mouse downfalse
3mouse downfalse
{ button: 1, clicks: 1, x: 575, y: 281, type: 'mousedown' }
time pass init0
time pass init0
time pass init0
time pass init0
0mouse downfalse
1mouse downfalse
2mouse downfalse
3mouse downfalse
{ button: 1, clicks: 1, x: 602, y: 303, type: 'mousedown' }
time pass init0
time pass init0
time pass init0
time pass init0
0mouse downfalse
1mouse downfalse
2mouse downfalse
3mouse downfalse
{ button: 1, clicks: 1, x: 660, y: 82, type: 'mousedown' }
time pass init0
time pass init0
time pass init0
time pass init0
0mouse downfalse
1mouse downfalse
2mouse downfalse
3mouse downfalse
{ button: 1, clicks: 1, x: 547, y: 446, type: 'mousedown' }
time pass init0
time pass init0
time pass init0
time pass init0
0mouse downtrue
0
time pas200
1mouse downtrue
1
time pas250
2mouse downtrue
2
time pas300
3mouse downtrue
3
time pas350
0mouse downtrue
0
time pas400
1mouse downtrue
1
time pas500
2mouse downtrue
2
time pas600
0mouse downtrue
0
time pas600
3mouse downtrue
3
time pas700
1mouse downtrue
1
time pas750
0mouse downtrue
0
time pas800
2mouse downtrue
2
time pas900
0mouse downtrue
0
time pas1000
1mouse downtrue
1
time pas1000
3mouse downtrue
3
time pas1050
cycle started at item3
heyyoo
circ buffer contentsfocusable
2mouse downtrue
2
time pas1200
0mouse downtrue
0
time pas1200
1mouse downtrue
1
time pas1250
mousedownyyy
cycling choo choo
osdarwin
is this a reference to a pointer?focusable
currenttext:focusable
{ button: 1, clicks: 1, x: 547, y: 446, type: 'mousedown' }
time pass init0
time pass init0
time pass init0
time pass init0
0mouse downtrue
0
time pas200
1mouse downtrue
1
time pas250
2mouse downtrue
2
time pas300
3mouse downtrue
3
time pas350
0mouse downtrue
0
time pas400
1mouse downtrue
1
time pas500
2mouse downtrue
2
time pas600
0mouse downtrue
0
time pas600
3mouse downtrue
3
time pas700
1mouse downtrue
1
time pas750
0mouse downtrue
0
time pas800
2mouse downtrue
2
time pas900
1mouse downtrue
1
time pas1000
0mouse downtrue
0
time pas1000
3mouse downtrue
3
time pas1050
cycle started at item3
heyyoo
circ buffer contentsfocusable
2mouse downtrue
2
time pas1200
0mouse downtrue
0
time pas1200
1mouse downtrue
1
time pas1250
{ button: 1, clicks: 1, x: 529, y: 286, type: 'mousedown' }
time pass init0
time pass init0
time pass init0
time pass init0
0mouse downtrue
0
time pas200
1mouse downtrue
1
time pas250
2mouse downtrue
2
time pas300
3mouse downtrue
3
time pas350
0mouse downtrue
0
time pas400
1mouse downtrue
1
time pas500
2mouse downtrue
2
time pas600
0mouse downtrue
0
time pas600
3mouse downtrue
3
time pas700
1mouse downtrue
1
time pas750
0mouse downtrue
0
time pas800
2mouse downfalse
0mouse downfalse
1mouse downfalse
3mouse downfalse
{ button: 1, clicks: 1, x: 537, y: 366, type: 'mousedown' }
time pass init0
time pass init0
time pass init0
time pass init0
0mouse downtrue
0
time pas200
1mouse downtrue
1
time pas250
2mouse downtrue
2
time pas300
3mouse downtrue
3
time pas350
0mouse downtrue
0
time pas400
1mouse downtrue
1
time pas500
2mouse downtrue
2
time pas600
0mouse downtrue
0
time pas600
3mouse downtrue
3
time pas700
1mouse downtrue
1
time pas750
0mouse downtrue
0
time pas800
2mouse downtrue
2
time pas900
0mouse downtrue
0
time pas1000
1mouse downtrue
1
time pas1000
3mouse downtrue
3
time pas1050
2mouse downtrue
2
time pas1200
0mouse downtrue
0
time pas1200
1mouse downtrue
1
time pas1250
{ button: 1, clicks: 1, x: 618, y: 661, type: 'mousedown' }
time pass init0
time pass init0
time pass init0
time pass init0
0mouse downfalse
1mouse downfalse
2mouse downfalse
3mouse downfalse
